<?xml version="1.0" encoding="UTF-8"?>
<!-- Generated by org.testng.reporters.JUnitReportReporter -->
<testsuite skipped="0" hostname="Lenovo-PC" name="TestFramework.GetData" tests="1" failures="0" timestamp="23 May 2019 05:28:55 GMT" time="3.897" errors="0">
  <testcase name="getData" time="3.897" classname="TestFramework.GetData"/>
</testsuite> <!-- TestFramework.GetData -->
