<?xml version="1.0" encoding="UTF-8"?>
<!-- Generated by org.testng.reporters.JUnitReportReporter -->
<testsuite skipped="0" hostname="Lenovo-PC" name="TestFramework.ExcelDriven" tests="1" failures="0" timestamp="24 May 2019 00:53:41 GMT" time="3.553" errors="0">
  <testcase name="excelDriven" time="3.553" classname="TestFramework.ExcelDriven"/>
</testsuite> <!-- TestFramework.ExcelDriven -->
