<?xml version="1.0" encoding="UTF-8"?>
<!-- Generated by org.testng.reporters.JUnitReportReporter -->
<testsuite skipped="0" hostname="Lenovo-PC" name="TestFramework.optimizingPostData" tests="1" failures="0" timestamp="23 May 2019 06:06:27 GMT" time="2.529" errors="0">
  <testcase name="postData" time="2.529" classname="TestFramework.optimizingPostData"/>
</testsuite> <!-- TestFramework.optimizingPostData -->
