<?xml version="1.0" encoding="UTF-8"?>
<!-- Generated by org.testng.reporters.JUnitReportReporter -->
<testsuite skipped="0" hostname="Lenovo-PC" name="TestFramework.UpdateComment" tests="1" failures="0" timestamp="23 May 2019 05:26:55 GMT" time="0.187" errors="0">
  <testcase name="updateJiraComment" time="0.187" classname="TestFramework.UpdateComment"/>
</testsuite> <!-- TestFramework.UpdateComment -->
