<?xml version="1.0" encoding="UTF-8"?>
<!-- Generated by org.testng.reporters.JUnitReportReporter -->
<testsuite skipped="0" hostname="Lenovo-PC" name="TestFramework.PostData" tests="1" failures="0" timestamp="23 May 2019 05:26:55 GMT" time="0.230" errors="0">
  <testcase name="postData" time="0.230" classname="TestFramework.PostData"/>
</testsuite> <!-- TestFramework.PostData -->
