<?xml version="1.0" encoding="UTF-8"?>
<!-- Generated by org.testng.reporters.JUnitReportReporter -->
<testsuite skipped="0" hostname="Lenovo-PC" name="TestFramework.DynamicJson" tests="3" failures="0" timestamp="24 May 2019 01:01:40 GMT" time="0.710" errors="0">
  <testcase name="addBook" time="0.229" classname="TestFramework.DynamicJson"/>
  <testcase name="addBook" time="0.240" classname="TestFramework.DynamicJson"/>
  <testcase name="addBook" time="0.241" classname="TestFramework.DynamicJson"/>
</testsuite> <!-- TestFramework.DynamicJson -->
