<?xml version="1.0" encoding="UTF-8"?>
<!-- Generated by org.testng.reporters.JUnitReportReporter -->
<testsuite skipped="0" hostname="Lenovo-PC" name="TestFramework.PostData" tests="1" failures="0" timestamp="24 May 2019 01:01:40 GMT" time="0.241" errors="0">
  <testcase name="postData" time="0.241" classname="TestFramework.PostData"/>
</testsuite> <!-- TestFramework.PostData -->
