<?xml version="1.0" encoding="UTF-8"?>
<!-- Generated by org.testng.reporters.JUnitReportReporter -->
<testsuite skipped="0" hostname="Lenovo-PC" name="TestFramework.GetData" tests="1" failures="0" timestamp="24 May 2019 01:01:40 GMT" time="1.802" errors="0">
  <testcase name="getData" time="1.802" classname="TestFramework.GetData"/>
</testsuite> <!-- TestFramework.GetData -->
