<?xml version="1.0" encoding="UTF-8"?>
<!-- Generated by org.testng.reporters.JUnitReportReporter -->
<testsuite skipped="0" hostname="Lenovo-PC" name="TestFramework.createIssue" tests="1" failures="0" timestamp="24 May 2019 01:01:40 GMT" time="0.224" errors="0">
  <testcase name="createJiraIssue" time="0.224" classname="TestFramework.createIssue"/>
</testsuite> <!-- TestFramework.createIssue -->
